2021-08-17 20:19:55.629  INFO 46463 --- [main] c.v.m.MovieBookingSystemApplication      : Starting MovieBookingSystemApplication using Java 11.0.8 on vimohan-mn2.linkedin.biz with PID 46463 (/Users/vimohan/Downloads/movieBookingSystem/target/classes started by vimohan in /Users/vimohan/Downloads/movieBookingSystem)
2021-08-17 20:19:55.631  INFO 46463 --- [main] c.v.m.MovieBookingSystemApplication      : No active profile set, falling back to default profiles: default
2021-08-17 20:19:56.703  INFO 46463 --- [main] .s.d.r.c.RepositoryConfigurationDelegate : Bootstrapping Spring Data JPA repositories in DEFAULT mode.
2021-08-17 20:19:56.806  INFO 46463 --- [main] .s.d.r.c.RepositoryConfigurationDelegate : Finished Spring Data repository scanning in 95 ms. Found 9 JPA repository interfaces.
2021-08-17 20:19:57.283  INFO 46463 --- [main] o.s.b.w.embedded.tomcat.TomcatWebServer  : Tomcat initialized with port(s): 8082 (http)
2021-08-17 20:19:57.291  INFO 46463 --- [main] o.apache.catalina.core.StandardService   : Starting service [Tomcat]
2021-08-17 20:19:57.291  INFO 46463 --- [main] org.apache.catalina.core.StandardEngine  : Starting Servlet engine: [Apache Tomcat/9.0.48]
2021-08-17 20:19:57.373  INFO 46463 --- [main] o.a.c.c.C.[Tomcat].[localhost].[/]       : Initializing Spring embedded WebApplicationContext
2021-08-17 20:19:57.374  INFO 46463 --- [main] w.s.c.ServletWebServerApplicationContext : Root WebApplicationContext: initialization completed in 1695 ms
2021-08-17 20:19:57.405  INFO 46463 --- [main] com.zaxxer.hikari.HikariDataSource       : HikariPool-1 - Starting...
2021-08-17 20:19:57.516  INFO 46463 --- [main] com.zaxxer.hikari.HikariDataSource       : HikariPool-1 - Start completed.
2021-08-17 20:19:57.523  INFO 46463 --- [main] o.s.b.a.h2.H2ConsoleAutoConfiguration    : H2 console available at '/h2-console'. Database available at 'jdbc:h2:mem:mbdb'
2021-08-17 20:19:57.667  INFO 46463 --- [main] o.hibernate.jpa.internal.util.LogHelper  : HHH000204: Processing PersistenceUnitInfo [name: default]
2021-08-17 20:19:57.706  INFO 46463 --- [main] org.hibernate.Version                    : HHH000412: Hibernate ORM core version 5.4.32.Final
2021-08-17 20:19:57.812  INFO 46463 --- [main] o.hibernate.annotations.common.Version   : HCANN000001: Hibernate Commons Annotations {5.1.2.Final}
2021-08-17 20:19:57.908  INFO 46463 --- [main] org.hibernate.dialect.Dialect            : HHH000400: Using dialect: org.hibernate.dialect.H2Dialect
2021-08-17 20:19:58.627  INFO 46463 --- [main] o.h.e.t.j.p.i.JtaPlatformInitiator       : HHH000490: Using JtaPlatform implementation: [org.hibernate.engine.transaction.jta.platform.internal.NoJtaPlatform]
2021-08-17 20:19:58.634  INFO 46463 --- [main] j.LocalContainerEntityManagerFactoryBean : Initialized JPA EntityManagerFactory for persistence unit 'default'
2021-08-17 20:19:59.235  WARN 46463 --- [main] JpaBaseConfiguration$JpaWebConfiguration : spring.jpa.open-in-view is enabled by default. Therefore, database queries may be performed during view rendering. Explicitly configure spring.jpa.open-in-view to disable this warning
2021-08-17 20:19:59.595  INFO 46463 --- [main] o.s.b.w.embedded.tomcat.TomcatWebServer  : Tomcat started on port(s): 8082 (http) with context path ''
2021-08-17 20:19:59.609  INFO 46463 --- [main] c.v.m.MovieBookingSystemApplication      : Started MovieBookingSystemApplication in 4.575 seconds (JVM running for 5.694)
2021-08-17 20:19:59.611  INFO 46463 --- [main] c.v.m.MovieBookingSystemApplication      : Writing for info
2021-08-17 20:19:59.612  WARN 46463 --- [main] c.v.m.MovieBookingSystemApplication      : Writing for warn
2021-08-17 20:19:59.612 ERROR 46463 --- [main] c.v.m.MovieBookingSystemApplication      : Writing for error
2021-08-17 20:21:30.100  INFO 46463 --- [SpringApplicationShutdownHook] j.LocalContainerEntityManagerFactoryBean : Closing JPA EntityManagerFactory for persistence unit 'default'
2021-08-17 20:21:30.105  INFO 46463 --- [SpringApplicationShutdownHook] com.zaxxer.hikari.HikariDataSource       : HikariPool-1 - Shutdown initiated...
2021-08-17 20:21:30.116  INFO 46463 --- [SpringApplicationShutdownHook] com.zaxxer.hikari.HikariDataSource       : HikariPool-1 - Shutdown completed.
